d:\cppproject\课程学习\字符串函数strlen\x64\debug\vc143.pdb
d:\cppproject\课程学习\字符串函数strlen\x64\debug\vc143.idb
d:\cppproject\课程学习\字符串函数strlen\x64\debug\mylen.obj
d:\cppproject\课程学习\x64\debug\字符串函数strlen.exe
d:\cppproject\课程学习\x64\debug\字符串函数strlen.pdb
d:\cppproject\课程学习\字符串函数strlen\x64\debug\字符串函数strlen.ilk
d:\cppproject\语言语法学习\字符串函数strlen\x64\debug\mylen.obj
d:\cppproject\语言语法学习\字符串函数strlen\x64\debug\字符串函数strlen.ilk
d:\cppproject\语言语法学习\字符串函数strlen\x64\debug\vc143.idb
d:\cppproject\语言语法学习\字符串函数strlen\x64\debug\vc143.pdb
d:\cppproject\语言语法学习\x64\debug\字符串函数strlen.pdb
d:\cppproject\语言语法学习\x64\debug\字符串函数strlen.exe
d:\cppproject\语言语法学习\字符串函数strlen\x64\debug\字符串函数strlen.tlog\cl.command.1.tlog
d:\cppproject\语言语法学习\字符串函数strlen\x64\debug\字符串函数strlen.tlog\cl.items.tlog
d:\cppproject\语言语法学习\字符串函数strlen\x64\debug\字符串函数strlen.tlog\cl.read.1.tlog
d:\cppproject\语言语法学习\字符串函数strlen\x64\debug\字符串函数strlen.tlog\cl.write.1.tlog
d:\cppproject\语言语法学习\字符串函数strlen\x64\debug\字符串函数strlen.tlog\link.command.1.tlog
d:\cppproject\语言语法学习\字符串函数strlen\x64\debug\字符串函数strlen.tlog\link.read.1.tlog
d:\cppproject\语言语法学习\字符串函数strlen\x64\debug\字符串函数strlen.tlog\link.secondary.1.tlog
d:\cppproject\语言语法学习\字符串函数strlen\x64\debug\字符串函数strlen.tlog\link.write.1.tlog
