d:\cppproject\课程学习\c++面向对象\x64\debug\vc143.pdb
d:\cppproject\课程学习\c++面向对象\x64\debug\vc143.idb
d:\cppproject\课程学习\c++面向对象\x64\debug\面向对象.obj
d:\cppproject\课程学习\x64\debug\c++面向对象.exe
d:\cppproject\课程学习\x64\debug\c++面向对象.pdb
d:\cppproject\课程学习\c++面向对象\x64\debug\c++面向对象.ilk
d:\cppproject\语言语法学习\c++面向对象\x64\debug\面向对象.obj
d:\cppproject\语言语法学习\c++面向对象\x64\debug\c++面向对象.ilk
d:\cppproject\语言语法学习\c++面向对象\x64\debug\vc143.idb
d:\cppproject\语言语法学习\c++面向对象\x64\debug\vc143.pdb
d:\cppproject\语言语法学习\x64\debug\c++面向对象.pdb
d:\cppproject\语言语法学习\x64\debug\c++面向对象.exe
d:\cppproject\语言语法学习\c++面向对象\x64\debug\c++面向对象.tlog\cl.command.1.tlog
d:\cppproject\语言语法学习\c++面向对象\x64\debug\c++面向对象.tlog\cl.items.tlog
d:\cppproject\语言语法学习\c++面向对象\x64\debug\c++面向对象.tlog\cl.read.1.tlog
d:\cppproject\语言语法学习\c++面向对象\x64\debug\c++面向对象.tlog\cl.write.1.tlog
d:\cppproject\语言语法学习\c++面向对象\x64\debug\c++面向对象.tlog\link.command.1.tlog
d:\cppproject\语言语法学习\c++面向对象\x64\debug\c++面向对象.tlog\link.read.1.tlog
d:\cppproject\语言语法学习\c++面向对象\x64\debug\c++面向对象.tlog\link.secondary.1.tlog
d:\cppproject\语言语法学习\c++面向对象\x64\debug\c++面向对象.tlog\link.write.1.tlog
