d:\cppproject\课程学习\windows控制台光标控制\x64\debug\vc143.pdb
d:\cppproject\课程学习\windows控制台光标控制\x64\debug\vc143.idb
d:\cppproject\课程学习\windows控制台光标控制\x64\debug\光标控制.obj
d:\cppproject\课程学习\x64\debug\windows控制台光标控制.exe
d:\cppproject\课程学习\x64\debug\windows控制台光标控制.pdb
d:\cppproject\课程学习\windows控制台光标控制\x64\debug\windows控制台光标控制.ilk
d:\cppproject\语言语法学习\windows控制台光标控制\x64\debug\光标控制.obj
d:\cppproject\语言语法学习\windows控制台光标控制\x64\debug\windows控制台光标控制.ilk
d:\cppproject\语言语法学习\windows控制台光标控制\x64\debug\vc143.idb
d:\cppproject\语言语法学习\windows控制台光标控制\x64\debug\vc143.pdb
d:\cppproject\语言语法学习\x64\debug\windows控制台光标控制.pdb
d:\cppproject\语言语法学习\x64\debug\windows控制台光标控制.exe
d:\cppproject\语言语法学习\windows控制台光标控制\x64\debug\windows控制台光标控制.tlog\cl.command.1.tlog
d:\cppproject\语言语法学习\windows控制台光标控制\x64\debug\windows控制台光标控制.tlog\cl.items.tlog
d:\cppproject\语言语法学习\windows控制台光标控制\x64\debug\windows控制台光标控制.tlog\cl.read.1.tlog
d:\cppproject\语言语法学习\windows控制台光标控制\x64\debug\windows控制台光标控制.tlog\cl.write.1.tlog
d:\cppproject\语言语法学习\windows控制台光标控制\x64\debug\windows控制台光标控制.tlog\link.command.1.tlog
d:\cppproject\语言语法学习\windows控制台光标控制\x64\debug\windows控制台光标控制.tlog\link.read.1.tlog
d:\cppproject\语言语法学习\windows控制台光标控制\x64\debug\windows控制台光标控制.tlog\link.secondary.1.tlog
d:\cppproject\语言语法学习\windows控制台光标控制\x64\debug\windows控制台光标控制.tlog\link.write.1.tlog
