d:\cppproject\课程学习\字符串函数strcmy\x64\debug\vc143.pdb
d:\cppproject\课程学习\字符串函数strcmy\x64\debug\vc143.idb
d:\cppproject\课程学习\字符串函数strcmy\x64\debug\mycmy.obj
d:\cppproject\课程学习\x64\debug\字符串函数strcmy.exe
d:\cppproject\课程学习\x64\debug\字符串函数strcmy.pdb
d:\cppproject\课程学习\字符串函数strcmy\x64\debug\字符串函数strcmy.ilk
d:\cppproject\语言语法学习\字符串函数strcmy\x64\debug\mycmy.obj
d:\cppproject\语言语法学习\字符串函数strcmy\x64\debug\字符串函数strcmy.ilk
d:\cppproject\语言语法学习\字符串函数strcmy\x64\debug\vc143.idb
d:\cppproject\语言语法学习\字符串函数strcmy\x64\debug\vc143.pdb
d:\cppproject\语言语法学习\x64\debug\字符串函数strcmy.pdb
d:\cppproject\语言语法学习\x64\debug\字符串函数strcmy.exe
d:\cppproject\语言语法学习\字符串函数strcmy\x64\debug\字符串函数strcmy.tlog\cl.command.1.tlog
d:\cppproject\语言语法学习\字符串函数strcmy\x64\debug\字符串函数strcmy.tlog\cl.items.tlog
d:\cppproject\语言语法学习\字符串函数strcmy\x64\debug\字符串函数strcmy.tlog\cl.read.1.tlog
d:\cppproject\语言语法学习\字符串函数strcmy\x64\debug\字符串函数strcmy.tlog\cl.write.1.tlog
d:\cppproject\语言语法学习\字符串函数strcmy\x64\debug\字符串函数strcmy.tlog\link.command.1.tlog
d:\cppproject\语言语法学习\字符串函数strcmy\x64\debug\字符串函数strcmy.tlog\link.read.1.tlog
d:\cppproject\语言语法学习\字符串函数strcmy\x64\debug\字符串函数strcmy.tlog\link.secondary.1.tlog
d:\cppproject\语言语法学习\字符串函数strcmy\x64\debug\字符串函数strcmy.tlog\link.write.1.tlog
