d:\cppproject\课程学习\数据结构-链表\x64\debug\vc143.pdb
d:\cppproject\课程学习\数据结构-链表\x64\debug\vc143.idb
d:\cppproject\课程学习\数据结构-链表\x64\debug\链表本体增删改查.obj
d:\cppproject\课程学习\x64\debug\数据结构-链表.exe
d:\cppproject\课程学习\x64\debug\数据结构-链表.pdb
d:\cppproject\课程学习\数据结构-链表\x64\debug\数据结构-链表.ilk
d:\cppproject\语言语法学习\数据结构-链表\x64\debug\链表本体增删改查.obj
d:\cppproject\语言语法学习\数据结构-链表\x64\debug\数据结构-链表.ilk
d:\cppproject\语言语法学习\数据结构-链表\x64\debug\vc143.idb
d:\cppproject\语言语法学习\数据结构-链表\x64\debug\vc143.pdb
d:\cppproject\语言语法学习\x64\debug\数据结构-链表.pdb
d:\cppproject\语言语法学习\x64\debug\数据结构-链表.exe
d:\cppproject\语言语法学习\数据结构-链表\x64\debug\数据结构-链表.tlog\cl.command.1.tlog
d:\cppproject\语言语法学习\数据结构-链表\x64\debug\数据结构-链表.tlog\cl.items.tlog
d:\cppproject\语言语法学习\数据结构-链表\x64\debug\数据结构-链表.tlog\cl.read.1.tlog
d:\cppproject\语言语法学习\数据结构-链表\x64\debug\数据结构-链表.tlog\cl.write.1.tlog
d:\cppproject\语言语法学习\数据结构-链表\x64\debug\数据结构-链表.tlog\link.command.1.tlog
d:\cppproject\语言语法学习\数据结构-链表\x64\debug\数据结构-链表.tlog\link.read.1.tlog
d:\cppproject\语言语法学习\数据结构-链表\x64\debug\数据结构-链表.tlog\link.secondary.1.tlog
d:\cppproject\语言语法学习\数据结构-链表\x64\debug\数据结构-链表.tlog\link.write.1.tlog
