d:\cppproject\课程学习\多文件\x64\debug\vc143.pdb
d:\cppproject\课程学习\多文件\x64\debug\vc143.idb
d:\cppproject\课程学习\多文件\x64\debug\main.obj
d:\cppproject\课程学习\多文件\x64\debug\abc.obj
d:\cppproject\课程学习\x64\debug\多文件.exe
d:\cppproject\课程学习\x64\debug\多文件.pdb
d:\cppproject\课程学习\多文件\x64\debug\多文件.ilk
d:\cppproject\语言语法学习\多文件\x64\debug\abc.obj
d:\cppproject\语言语法学习\多文件\x64\debug\main.obj
d:\cppproject\语言语法学习\多文件\x64\debug\多文件.ilk
d:\cppproject\语言语法学习\多文件\x64\debug\vc143.idb
d:\cppproject\语言语法学习\多文件\x64\debug\vc143.pdb
d:\cppproject\语言语法学习\x64\debug\多文件.pdb
d:\cppproject\语言语法学习\x64\debug\多文件.exe
d:\cppproject\语言语法学习\多文件\x64\debug\多文件.tlog\cl.command.1.tlog
d:\cppproject\语言语法学习\多文件\x64\debug\多文件.tlog\cl.items.tlog
d:\cppproject\语言语法学习\多文件\x64\debug\多文件.tlog\cl.read.1.tlog
d:\cppproject\语言语法学习\多文件\x64\debug\多文件.tlog\cl.write.1.tlog
d:\cppproject\语言语法学习\多文件\x64\debug\多文件.tlog\link.command.1.tlog
d:\cppproject\语言语法学习\多文件\x64\debug\多文件.tlog\link.read.1.tlog
d:\cppproject\语言语法学习\多文件\x64\debug\多文件.tlog\link.secondary.1.tlog
d:\cppproject\语言语法学习\多文件\x64\debug\多文件.tlog\link.write.1.tlog
