d:\cppproject\课程学习\位运算bitset\x64\debug\vc143.pdb
d:\cppproject\课程学习\位运算bitset\x64\debug\vc143.idb
d:\cppproject\课程学习\位运算bitset\x64\debug\test.obj
d:\cppproject\课程学习\x64\debug\位运算bitset.exe
d:\cppproject\课程学习\x64\debug\位运算bitset.pdb
d:\cppproject\课程学习\位运算bitset\x64\debug\位运算bitset.ilk
d:\cppproject\语言语法学习\位运算bitset\x64\debug\test.obj
d:\cppproject\语言语法学习\位运算bitset\x64\debug\位运算bitset.ilk
d:\cppproject\语言语法学习\位运算bitset\x64\debug\vc143.idb
d:\cppproject\语言语法学习\位运算bitset\x64\debug\vc143.pdb
d:\cppproject\语言语法学习\x64\debug\位运算bitset.pdb
d:\cppproject\语言语法学习\x64\debug\位运算bitset.exe
d:\cppproject\语言语法学习\位运算bitset\x64\debug\位运算bitset.tlog\cl.command.1.tlog
d:\cppproject\语言语法学习\位运算bitset\x64\debug\位运算bitset.tlog\cl.items.tlog
d:\cppproject\语言语法学习\位运算bitset\x64\debug\位运算bitset.tlog\cl.read.1.tlog
d:\cppproject\语言语法学习\位运算bitset\x64\debug\位运算bitset.tlog\cl.write.1.tlog
d:\cppproject\语言语法学习\位运算bitset\x64\debug\位运算bitset.tlog\link.command.1.tlog
d:\cppproject\语言语法学习\位运算bitset\x64\debug\位运算bitset.tlog\link.read.1.tlog
d:\cppproject\语言语法学习\位运算bitset\x64\debug\位运算bitset.tlog\link.secondary.1.tlog
d:\cppproject\语言语法学习\位运算bitset\x64\debug\位运算bitset.tlog\link.write.1.tlog
