d:\cppproject\课程学习\c语言进阶指针学习\x64\debug\vc143.pdb
d:\cppproject\课程学习\c语言进阶指针学习\x64\debug\vc143.idb
d:\cppproject\课程学习\c语言进阶指针学习\x64\debug\指针指向二维数组.obj
d:\cppproject\课程学习\x64\debug\c语言进阶指针学习.exe
d:\cppproject\课程学习\x64\debug\c语言进阶指针学习.pdb
d:\cppproject\课程学习\c语言进阶指针学习\x64\debug\c语言进阶指针学习.ilk
d:\cppproject\语言语法学习\c语言进阶指针学习\x64\debug\指针指向二维数组.obj
d:\cppproject\语言语法学习\c语言进阶指针学习\x64\debug\c语言进阶指针学习.ilk
d:\cppproject\语言语法学习\c语言进阶指针学习\x64\debug\vc143.idb
d:\cppproject\语言语法学习\c语言进阶指针学习\x64\debug\vc143.pdb
d:\cppproject\语言语法学习\x64\debug\c语言进阶指针学习.pdb
d:\cppproject\语言语法学习\x64\debug\c语言进阶指针学习.exe
d:\cppproject\语言语法学习\c语言进阶指针学习\x64\debug\c语言进阶指针学习.tlog\cl.command.1.tlog
d:\cppproject\语言语法学习\c语言进阶指针学习\x64\debug\c语言进阶指针学习.tlog\cl.items.tlog
d:\cppproject\语言语法学习\c语言进阶指针学习\x64\debug\c语言进阶指针学习.tlog\cl.read.1.tlog
d:\cppproject\语言语法学习\c语言进阶指针学习\x64\debug\c语言进阶指针学习.tlog\cl.write.1.tlog
d:\cppproject\语言语法学习\c语言进阶指针学习\x64\debug\c语言进阶指针学习.tlog\link.command.1.tlog
d:\cppproject\语言语法学习\c语言进阶指针学习\x64\debug\c语言进阶指针学习.tlog\link.read.1.tlog
d:\cppproject\语言语法学习\c语言进阶指针学习\x64\debug\c语言进阶指针学习.tlog\link.secondary.1.tlog
d:\cppproject\语言语法学习\c语言进阶指针学习\x64\debug\c语言进阶指针学习.tlog\link.write.1.tlog
