d:\cppproject\课程学习\单词长度\x64\debug\vc143.pdb
d:\cppproject\课程学习\单词长度\x64\debug\vc143.idb
d:\cppproject\课程学习\单词长度\x64\debug\单词长度.obj
d:\cppproject\课程学习\x64\debug\单词长度.exe
d:\cppproject\课程学习\x64\debug\单词长度.pdb
d:\cppproject\课程学习\单词长度\x64\debug\单词长度.ilk
d:\cppproject\语言语法学习\单词长度\x64\debug\单词长度.obj
d:\cppproject\语言语法学习\单词长度\x64\debug\单词长度.ilk
d:\cppproject\语言语法学习\单词长度\x64\debug\vc143.idb
d:\cppproject\语言语法学习\单词长度\x64\debug\vc143.pdb
d:\cppproject\语言语法学习\x64\debug\单词长度.pdb
d:\cppproject\语言语法学习\x64\debug\单词长度.exe
d:\cppproject\语言语法学习\单词长度\x64\debug\单词长度.tlog\cl.command.1.tlog
d:\cppproject\语言语法学习\单词长度\x64\debug\单词长度.tlog\cl.items.tlog
d:\cppproject\语言语法学习\单词长度\x64\debug\单词长度.tlog\cl.read.1.tlog
d:\cppproject\语言语法学习\单词长度\x64\debug\单词长度.tlog\cl.write.1.tlog
d:\cppproject\语言语法学习\单词长度\x64\debug\单词长度.tlog\link.command.1.tlog
d:\cppproject\语言语法学习\单词长度\x64\debug\单词长度.tlog\link.read.1.tlog
d:\cppproject\语言语法学习\单词长度\x64\debug\单词长度.tlog\link.secondary.1.tlog
d:\cppproject\语言语法学习\单词长度\x64\debug\单词长度.tlog\link.write.1.tlog
