d:\cppproject\课程学习\字符串函数strcpy\x64\debug\vc143.pdb
d:\cppproject\课程学习\字符串函数strcpy\x64\debug\vc143.idb
d:\cppproject\课程学习\字符串函数strcpy\x64\debug\mycpy.obj
d:\cppproject\课程学习\x64\debug\字符串函数strcpy.exe
d:\cppproject\课程学习\x64\debug\字符串函数strcpy.pdb
d:\cppproject\课程学习\字符串函数strcpy\x64\debug\字符串函数strcpy.ilk
d:\cppproject\语言语法学习\字符串函数strcpy\x64\debug\mycpy.obj
d:\cppproject\语言语法学习\字符串函数strcpy\x64\debug\字符串函数strcpy.ilk
d:\cppproject\语言语法学习\字符串函数strcpy\x64\debug\vc143.idb
d:\cppproject\语言语法学习\字符串函数strcpy\x64\debug\vc143.pdb
d:\cppproject\语言语法学习\x64\debug\字符串函数strcpy.pdb
d:\cppproject\语言语法学习\x64\debug\字符串函数strcpy.exe
d:\cppproject\语言语法学习\字符串函数strcpy\x64\debug\字符串函数strcpy.tlog\cl.command.1.tlog
d:\cppproject\语言语法学习\字符串函数strcpy\x64\debug\字符串函数strcpy.tlog\cl.items.tlog
d:\cppproject\语言语法学习\字符串函数strcpy\x64\debug\字符串函数strcpy.tlog\cl.read.1.tlog
d:\cppproject\语言语法学习\字符串函数strcpy\x64\debug\字符串函数strcpy.tlog\cl.write.1.tlog
d:\cppproject\语言语法学习\字符串函数strcpy\x64\debug\字符串函数strcpy.tlog\link.command.1.tlog
d:\cppproject\语言语法学习\字符串函数strcpy\x64\debug\字符串函数strcpy.tlog\link.read.1.tlog
d:\cppproject\语言语法学习\字符串函数strcpy\x64\debug\字符串函数strcpy.tlog\link.secondary.1.tlog
d:\cppproject\语言语法学习\字符串函数strcpy\x64\debug\字符串函数strcpy.tlog\link.write.1.tlog
